2025-05-07T12:25:02.232+02:00  INFO 16432 --- [CoDrive] [restartedMain] c.v.t.CoDrive.CoDriveApplication         : Starting CoDriveApplication using Java 17.0.14 with PID 16432 (C:\Users\ferna\Desktop\CoDrive\target\classes started by ferna in C:\Users\ferna\Desktop\CoDrive)
2025-05-07T12:25:02.233+02:00  INFO 16432 --- [CoDrive] [restartedMain] c.v.t.CoDrive.CoDriveApplication         : No active profile set, falling back to 1 default profile: "default"
2025-05-07T12:25:02.389+02:00  INFO 16432 --- [CoDrive] [restartedMain] .s.d.r.c.RepositoryConfigurationDelegate : Bootstrapping Spring Data JPA repositories in DEFAULT mode.
2025-05-07T12:25:02.404+02:00  INFO 16432 --- [CoDrive] [restartedMain] .s.d.r.c.RepositoryConfigurationDelegate : Finished Spring Data repository scanning in 13 ms. Found 2 JPA repository interfaces.
2025-05-07T12:25:02.471+02:00  INFO 16432 --- [CoDrive] [restartedMain] o.s.b.w.embedded.tomcat.TomcatWebServer  : Tomcat initialized with port 8080 (http)
2025-05-07T12:25:02.472+02:00  INFO 16432 --- [CoDrive] [restartedMain] o.apache.catalina.core.StandardService   : Starting service [Tomcat]
2025-05-07T12:25:02.472+02:00  INFO 16432 --- [CoDrive] [restartedMain] o.apache.catalina.core.StandardEngine    : Starting Servlet engine: [Apache Tomcat/10.1.39]
2025-05-07T12:25:02.488+02:00  INFO 16432 --- [CoDrive] [restartedMain] o.a.c.c.C.[Tomcat].[localhost].[/]       : Initializing Spring embedded WebApplicationContext
2025-05-07T12:25:02.488+02:00  INFO 16432 --- [CoDrive] [restartedMain] w.s.c.ServletWebServerApplicationContext : Root WebApplicationContext: initialization completed in 253 ms
2025-05-07T12:25:02.515+02:00  INFO 16432 --- [CoDrive] [restartedMain] o.hibernate.jpa.internal.util.LogHelper  : HHH000204: Processing PersistenceUnitInfo [name: default]
2025-05-07T12:25:02.518+02:00  INFO 16432 --- [CoDrive] [restartedMain] o.h.c.internal.RegionFactoryInitiator    : HHH000026: Second-level cache disabled
2025-05-07T12:25:02.526+02:00  INFO 16432 --- [CoDrive] [restartedMain] o.s.o.j.p.SpringPersistenceUnitInfo      : No LoadTimeWeaver setup: ignoring JPA class transformer
2025-05-07T12:25:02.527+02:00  INFO 16432 --- [CoDrive] [restartedMain] com.zaxxer.hikari.HikariDataSource       : HikariPool-2 - Starting...
2025-05-07T12:25:02.530+02:00  INFO 16432 --- [CoDrive] [restartedMain] com.zaxxer.hikari.pool.HikariPool        : HikariPool-2 - Added connection com.mysql.cj.jdbc.ConnectionImpl@7725a17c
2025-05-07T12:25:02.530+02:00  INFO 16432 --- [CoDrive] [restartedMain] com.zaxxer.hikari.HikariDataSource       : HikariPool-2 - Start completed.
2025-05-07T12:25:02.532+02:00  WARN 16432 --- [CoDrive] [restartedMain] org.hibernate.orm.deprecation            : HHH90000025: MySQL8Dialect does not need to be specified explicitly using 'hibernate.dialect' (remove the property setting and it will be selected by default)
2025-05-07T12:25:02.532+02:00  WARN 16432 --- [CoDrive] [restartedMain] org.hibernate.orm.deprecation            : HHH90000026: MySQL8Dialect has been deprecated; use org.hibernate.dialect.MySQLDialect instead
2025-05-07T12:25:02.532+02:00  INFO 16432 --- [CoDrive] [restartedMain] org.hibernate.orm.connections.pooling    : HHH10001005: Database info:
	Database JDBC URL [Connecting through datasource 'HikariDataSource (HikariPool-2)']
	Database driver: undefined/unknown
	Database version: 8.0
	Autocommit mode: undefined/unknown
	Isolation level: undefined/unknown
	Minimum pool size: undefined/unknown
	Maximum pool size: undefined/unknown
2025-05-07T12:25:02.598+02:00  INFO 16432 --- [CoDrive] [restartedMain] o.h.e.t.j.p.i.JtaPlatformInitiator       : HHH000489: No JTA platform available (set 'hibernate.transaction.jta.platform' to enable JTA platform integration)
2025-05-07T12:25:02.616+02:00  INFO 16432 --- [CoDrive] [restartedMain] j.LocalContainerEntityManagerFactoryBean : Initialized JPA EntityManagerFactory for persistence unit 'default'
2025-05-07T12:25:02.680+02:00  WARN 16432 --- [CoDrive] [restartedMain] JpaBaseConfiguration$JpaWebConfiguration : spring.jpa.open-in-view is enabled by default. Therefore, database queries may be performed during view rendering. Explicitly configure spring.jpa.open-in-view to disable this warning
2025-05-07T12:25:02.686+02:00  INFO 16432 --- [CoDrive] [restartedMain] r$InitializeUserDetailsManagerConfigurer : Global AuthenticationManager configured with UserDetailsService bean with name userDetailsServiceImpl
2025-05-07T12:25:02.762+02:00  INFO 16432 --- [CoDrive] [restartedMain] o.s.b.d.a.OptionalLiveReloadServer       : LiveReload server is running on port 35729
2025-05-07T12:25:02.770+02:00  INFO 16432 --- [CoDrive] [restartedMain] o.s.b.w.embedded.tomcat.TomcatWebServer  : Tomcat started on port 8080 (http) with context path '/'
2025-05-07T12:25:02.774+02:00  INFO 16432 --- [CoDrive] [restartedMain] c.v.t.CoDrive.CoDriveApplication         : Started CoDriveApplication in 0.582 seconds (process running for 48.279)
2025-05-07T12:25:02.775+02:00  INFO 16432 --- [CoDrive] [restartedMain] .ConditionEvaluationDeltaLoggingListener : Condition evaluation unchanged
2025-05-07T12:25:10.473+02:00  INFO 16432 --- [CoDrive] [http-nio-8080-exec-1] o.a.c.c.C.[Tomcat].[localhost].[/]       : Initializing Spring DispatcherServlet 'dispatcherServlet'
2025-05-07T12:25:10.473+02:00  INFO 16432 --- [CoDrive] [http-nio-8080-exec-1] o.s.web.servlet.DispatcherServlet        : Initializing Servlet 'dispatcherServlet'
2025-05-07T12:25:10.474+02:00  INFO 16432 --- [CoDrive] [http-nio-8080-exec-1] o.s.web.servlet.DispatcherServlet        : Completed initialization in 1 ms
2025-05-07T12:26:07.596+02:00  INFO 16432 --- [CoDrive] [File Watcher] rtingClassPathChangeChangedEventListener : Restarting due to 1 class path change (0 additions, 0 deletions, 1 modification)
2025-05-07T12:26:07.597+02:00  INFO 16432 --- [CoDrive] [Thread-7] o.s.b.w.e.tomcat.GracefulShutdown        : Commencing graceful shutdown. Waiting for active requests to complete
2025-05-07T12:26:07.610+02:00  INFO 16432 --- [CoDrive] [tomcat-shutdown] o.s.b.w.e.tomcat.GracefulShutdown        : Graceful shutdown complete
2025-05-07T12:26:07.613+02:00  INFO 16432 --- [CoDrive] [Thread-7] j.LocalContainerEntityManagerFactoryBean : Closing JPA EntityManagerFactory for persistence unit 'default'
2025-05-07T12:26:07.613+02:00  INFO 16432 --- [CoDrive] [Thread-7] com.zaxxer.hikari.HikariDataSource       : HikariPool-2 - Shutdown initiated...
2025-05-07T12:26:07.615+02:00  INFO 16432 --- [CoDrive] [Thread-7] com.zaxxer.hikari.HikariDataSource       : HikariPool-2 - Shutdown completed.
